2024-10-29 18:30:41,444 -  Function for adding book was called
2024-10-29 18:30:41,444 -  Function for adding book was finished
2024-10-29 18:30:41,444 -  Function for finding book was called
2024-10-29 18:30:41,444 -  Function for finding book was finished
2024-10-29 18:30:41,445 -  Function for checking book was called
2024-10-29 18:30:41,445 -  Function for finding book was called
2024-10-29 18:30:41,445 -  Function for finding book was finished
2024-10-29 18:30:41,445 -  Function for finding book was called
2024-10-29 18:30:41,445 -  Function for finding book was finished
2024-10-29 18:30:41,445 -  Function for checking book was finished
2024-10-29 18:30:41,445 -  Function for borrowing book was called
2024-10-29 18:30:41,445 -  Function for borrowing book was finished
2024-10-29 18:30:41,446 -  Function for checking book was called
2024-10-29 18:30:41,446 -  Function for finding book was called
2024-10-29 18:30:41,446 -  Function for finding book was finished
2024-10-29 18:30:41,446 -  Function for finding book was called
2024-10-29 18:30:41,446 -  Function for finding book was finished
2024-10-29 18:30:41,446 -  Function for checking book was finished
2024-10-29 18:30:41,446 -  Function for returning book was called
2024-10-29 18:30:41,446 -  Function for returning book was finished
2024-10-29 18:30:41,446 -  Function for checking book was called
2024-10-29 18:30:41,446 -  Function for finding book was called
2024-10-29 18:30:41,446 -  Function for finding book was finished
2024-10-29 18:30:41,446 -  Function for finding book was called
2024-10-29 18:30:41,446 -  Function for finding book was finished
2024-10-29 18:30:41,446 -  Function for checking book was finished
2024-10-29 18:31:02,461 -  Function for adding book was called
2024-10-29 18:31:02,461 -  Function for adding book was finished
2024-10-29 18:31:02,461 -  Function for finding book was called
2024-10-29 18:31:02,461 -  Function for finding book was finished
2024-10-29 18:31:02,461 -  Function for checking book was called
2024-10-29 18:31:02,461 -  Function for finding book was called
2024-10-29 18:31:02,461 -  Function for finding book was finished
2024-10-29 18:31:02,461 -  Function for finding book was called
2024-10-29 18:31:02,461 -  Function for finding book was finished
2024-10-29 18:31:02,461 -  Function for checking book was finished
2024-10-29 18:31:02,462 -  Function for borrowing book was called
2024-10-29 18:31:02,462 -  Function for borrowing book was finished
2024-10-29 18:31:02,462 -  Function for checking book was called
2024-10-29 18:31:02,462 -  Function for finding book was called
2024-10-29 18:31:02,462 -  Function for finding book was finished
2024-10-29 18:31:02,462 -  Function for finding book was called
2024-10-29 18:31:02,462 -  Function for finding book was finished
2024-10-29 18:31:02,462 -  Function for checking book was finished
2024-10-29 18:31:02,462 -  Function for returning book was called
2024-10-29 18:31:02,462 -  Function for returning book was finished
2024-10-29 18:31:02,462 -  Function for checking book was called
2024-10-29 18:31:02,462 -  Function for finding book was called
2024-10-29 18:31:02,462 -  Function for finding book was finished
2024-10-29 18:31:02,462 -  Function for finding book was called
2024-10-29 18:31:02,462 -  Function for finding book was finished
2024-10-29 18:31:02,462 -  Function for checking book was finished
